2023-01-03 01:21:26.299958: I tensorflow/core/platform/cpu_feature_guard.cc:193] This TensorFlow binary is optimized with oneAPI Deep Neural Network Library (oneDNN) to use the following CPU instructions in performance-critical operations:  AVX2 AVX512F AVX512_VNNI FMA
To enable them in other operations, rebuild TensorFlow with the appropriate compiler flags.
2023-01-03 01:21:27.736266: I tensorflow/core/util/util.cc:169] oneDNN custom operations are on. You may see slightly different numerical results due to floating-point round-off errors from different computation orders. To turn them off, set the environment variable `TF_ENABLE_ONEDNN_OPTS=0`.
2023-01-03 01:21:28.141658: E tensorflow/stream_executor/cuda/cuda_blas.cc:2981] Unable to register cuBLAS factory: Attempting to register factory for plugin cuBLAS when one has already been registered
2023-01-03 01:21:51.493324: W tensorflow/stream_executor/platform/default/dso_loader.cc:64] Could not load dynamic library 'libnvinfer.so.7'; dlerror: libnvinfer.so.7: cannot open shared object file: No such file or directory
2023-01-03 01:21:51.495898: W tensorflow/stream_executor/platform/default/dso_loader.cc:64] Could not load dynamic library 'libnvinfer_plugin.so.7'; dlerror: libnvinfer_plugin.so.7: cannot open shared object file: No such file or directory
2023-01-03 01:21:51.495926: W tensorflow/compiler/tf2tensorrt/utils/py_utils.cc:38] TF-TRT Warning: Cannot dlopen some TensorRT libraries. If you would like to use Nvidia GPU with TensorRT, please make sure the missing libraries mentioned above are installed properly.
2023-01-03 01:22:57.121287: W tensorflow/stream_executor/platform/default/dso_loader.cc:64] Could not load dynamic library 'libcuda.so.1'; dlerror: libcuda.so.1: cannot open shared object file: No such file or directory
2023-01-03 01:22:57.123761: W tensorflow/stream_executor/cuda/cuda_driver.cc:263] failed call to cuInit: UNKNOWN ERROR (303)
2023-01-03 01:22:57.123979: I tensorflow/stream_executor/cuda/cuda_diagnostics.cc:156] kernel driver does not appear to be running on this host (bl12430.int.ets1.calculquebec.ca): /proc/driver/nvidia/version does not exist
2023-01-03 01:22:57.131411: I tensorflow/core/platform/cpu_feature_guard.cc:193] This TensorFlow binary is optimized with oneAPI Deep Neural Network Library (oneDNN) to use the following CPU instructions in performance-critical operations:  AVX2 AVX512F AVX512_VNNI FMA
To enable them in other operations, rebuild TensorFlow with the appropriate compiler flags.
Creating Logger for model with id:SC-concat
### 2023-01-03_01-22-30 ### 
Getting ground truth file...[1/4] 
Converting test json files to csv files and expanding columns...[2/4] 
Cleaning data...[3/4] 
Done! 
First result: 
        rcvTime      sendTime  sender  ...  aclYNeg  hedXNeg  hedYNeg
0  51865.472964  51865.472964  2667.0  ...        0        1        0
1  51865.488467  51865.488467  2673.0  ...        0        1        0
2  51865.585766  51865.585766  2799.0  ...        0        1        0
3  51865.808674  51865.808674  2661.0  ...        1        1        0
4  51866.472956  51866.472956  2667.0  ...        1        1        0

[5 rows x 22 columns] 
(1479, 22) 
Merging... [4/4] 
Done! 
        rcvTime      sendTime  sender  ...  aclYNeg  hedXNeg  hedYNeg
0  51865.472964  51865.472964  2667.0  ...        0        1        0
1  51865.488467  51865.488467  2673.0  ...        0        1        0
2  51865.585766  51865.585766  2799.0  ...        0        1        0
3  51865.808674  51865.808674  2661.0  ...        1        1        0
4  51866.472956  51866.472956  2667.0  ...        1        1        0

[5 rows x 22 columns] 
(100897, 22) 
Quick stats on clean, merged and sorted data 
        rcvTime      sendTime  sender  ...  aclYNeg  hedXNeg  hedYNeg
0  51865.472964  51865.472964  2667.0  ...        0        1        0
1  51865.488467  51865.488467  2673.0  ...        0        1        0
2  51865.585766  51865.585766  2799.0  ...        0        1        0
3  51865.808674  51865.808674  2661.0  ...        1        1        0
4  51866.472956  51866.472956  2667.0  ...        1        1        0

[5 rows x 22 columns]
(100897, 22)
Getting Data Sets.. 
Time elapsed: (hh:mm:ss:ms) 0:00:00.004643 
Quick stats on features and answers for the train-val-test split 
        rcvTime      sendTime  sender  ...  aclYNeg  hedXNeg  hedYNeg
0  51865.472964  51865.472964  2667.0  ...        0        1        0
1  51865.488467  51865.488467  2673.0  ...        0        1        0
2  51865.585766  51865.585766  2799.0  ...        0        1        0
3  51865.808674  51865.808674  2661.0  ...        1        1        0
4  51866.472956  51866.472956  2667.0  ...        1        1        0

[5 rows x 21 columns]
(80716, 21)
   isAttacker
0           0
1           1
2           0
3           0
4           0
(80716, 1)
             rcvTime      sendTime  sender  ...  aclYNeg  hedXNeg  hedYNeg
211688  53064.427500  53064.427500  4773.0  ...        0        1        1
211689  53064.802978  53064.802978  4731.0  ...        1        0        0
211690  53064.852437  53064.852437  4737.0  ...        0        0        0
211691  53065.213423  53065.213423  4725.0  ...        1        0        0
211692  53065.355988  53065.355988  4719.0  ...        0        0        0

[5 rows x 21 columns]
(20181, 21)
        isAttacker
211688           1
211689           1
211690           0
211691           0
211692           0
(20181, 1)
Verifying the features and answers for the sets add up 
Adding up X 
Sum: 1.0 
Adding up Y 
Sum: 1.0 
Building LSTM 
Building Model on: LSTM 
Model: "sequential"
_________________________________________________________________
 Layer (type)                Output Shape              Param #   
=================================================================
 embedding (Embedding)       (None, 21, 1000)          1300000000
                                                       0         
                                                                 
 lstm (LSTM)                 (None, 128)               578048    
                                                                 
 dense (Dense)               (None, 1)                 129       
                                                                 
=================================================================
Total params: 13,000,578,177
Trainable params: 13,000,578,177
Non-trainable params: 0
_________________________________________________________________
Epoch 1/2
slurmstepd: error: Detected 1 oom-kill event(s) in StepId=33709208.batch. Some of your processes may have been killed by the cgroup out-of-memory handler.
