2022-12-09 10:24:40.668828: I tensorflow/core/platform/cpu_feature_guard.cc:193] This TensorFlow binary is optimized with oneAPI Deep Neural Network Library (oneDNN) to use the following CPU instructions in performance-critical operations:  AVX2 AVX512F FMA
To enable them in other operations, rebuild TensorFlow with the appropriate compiler flags.
2022-12-09 10:24:44.966168: E tensorflow/stream_executor/cuda/cuda_blas.cc:2981] Unable to register cuBLAS factory: Attempting to register factory for plugin cuBLAS when one has already been registered
2022-12-09 10:25:23.684028: W tensorflow/stream_executor/platform/default/dso_loader.cc:64] Could not load dynamic library 'libnvinfer.so.7'; dlerror: libnvinfer.so.7: cannot open shared object file: No such file or directory
2022-12-09 10:25:23.697760: W tensorflow/stream_executor/platform/default/dso_loader.cc:64] Could not load dynamic library 'libnvinfer_plugin.so.7'; dlerror: libnvinfer_plugin.so.7: cannot open shared object file: No such file or directory
2022-12-09 10:25:23.697793: W tensorflow/compiler/tf2tensorrt/utils/py_utils.cc:38] TF-TRT Warning: Cannot dlopen some TensorRT libraries. If you would like to use Nvidia GPU with TensorRT, please make sure the missing libraries mentioned above are installed properly.
2022-12-09 10:27:17.644698: W tensorflow/stream_executor/platform/default/dso_loader.cc:64] Could not load dynamic library 'libcuda.so.1'; dlerror: libcuda.so.1: cannot open shared object file: No such file or directory
2022-12-09 10:27:17.689103: W tensorflow/stream_executor/cuda/cuda_driver.cc:263] failed call to cuInit: UNKNOWN ERROR (303)
2022-12-09 10:27:17.689402: I tensorflow/stream_executor/cuda/cuda_diagnostics.cc:156] kernel driver does not appear to be running on this host (bl12452.int.ets1.calculquebec.ca): /proc/driver/nvidia/version does not exist
2022-12-09 10:27:17.709489: I tensorflow/core/platform/cpu_feature_guard.cc:193] This TensorFlow binary is optimized with oneAPI Deep Neural Network Library (oneDNN) to use the following CPU instructions in performance-critical operations:  AVX2 AVX512F FMA
To enable them in other operations, rebuild TensorFlow with the appropriate compiler flags.
2022-12-09 10:27:18.000819: W tensorflow/core/framework/cpu_allocator_impl.cc:82] Allocation of 300000000000 exceeds 10% of free system memory.
2022-12-09 10:27:38.470965: W tensorflow/core/framework/cpu_allocator_impl.cc:82] Allocation of 300000000000 exceeds 10% of free system memory.
2022-12-09 10:27:47.214098: W tensorflow/core/framework/cpu_allocator_impl.cc:82] Allocation of 300000000000 exceeds 10% of free system memory.
2022-12-09 10:27:47.218475: W tensorflow/core/framework/op_kernel.cc:1780] OP_REQUIRES failed at cwise_ops_common.h:137 : RESOURCE_EXHAUSTED: OOM when allocating tensor with shape[12500000,6000] and type float on /job:localhost/replica:0/task:0/device:CPU:0 by allocator cpu
Creating Logger for model with id:SC-concat
### 2022-12-09_10-26-12 ### 
Getting ground truth file...[1/4] 
Converting test json files to csv files and expanding columns...[2/4] 
Cleaning data...[3/4] 
Done! 
First result: 
        rcvTime      sendTime  sender  ...      aclY      hedX      hedY
0  51753.243159  51753.243159  2445.0  ... -1.612366 -0.760703 -0.649100
1  51753.774314  51753.774314  2463.0  ... -1.349944 -0.760885 -0.648886
2  51753.839958  51753.839958  2451.0  ... -1.612366 -0.760703 -0.649100
3  51754.243160  51754.243160  2445.0  ... -0.937217 -0.760703 -0.649100
4  51754.774315  51754.774315  2463.0  ... -1.237417 -0.763817 -0.645433

[5 rows x 14 columns] 
(354, 14) 
Merging... [4/4] 
Done! 
        rcvTime      sendTime  sender  ...      aclY      hedX      hedY
0  51753.243159  51753.243159  2445.0  ... -1.612366 -0.760703 -0.649100
1  51753.774314  51753.774314  2463.0  ... -1.349944 -0.760885 -0.648886
2  51753.839958  51753.839958  2451.0  ... -1.612366 -0.760703 -0.649100
3  51754.243160  51754.243160  2445.0  ... -0.937217 -0.760703 -0.649100
4  51754.774315  51754.774315  2463.0  ... -1.237417 -0.763817 -0.645433

[5 rows x 14 columns] 
(100897, 14) 
Quick stats on clean, merged and sorted data 
        rcvTime      sendTime  sender  ...      aclY      hedX      hedY
0  51753.243159  51753.243159  2445.0  ... -1.612366 -0.760703 -0.649100
1  51753.774314  51753.774314  2463.0  ... -1.349944 -0.760885 -0.648886
2  51753.839958  51753.839958  2451.0  ... -1.612366 -0.760703 -0.649100
3  51754.243160  51754.243160  2445.0  ... -0.937217 -0.760703 -0.649100
4  51754.774315  51754.774315  2463.0  ... -1.237417 -0.763817 -0.645433

[5 rows x 14 columns]
(100897, 14)
Getting Data Sets.. 
Time elapsed: (hh:mm:ss:ms) 0:00:00.004981 
Quick stats on features and answers for the train-val-test split 
        rcvTime      sendTime  sender  ...      aclY      hedX      hedY
0  51753.243159  51753.243159  2445.0  ... -1.612366 -0.760703 -0.649100
1  51753.774314  51753.774314  2463.0  ... -1.349944 -0.760885 -0.648886
2  51753.839958  51753.839958  2451.0  ... -1.612366 -0.760703 -0.649100
3  51754.243160  51754.243160  2445.0  ... -0.937217 -0.760703 -0.649100
4  51754.774315  51754.774315  2463.0  ... -1.237417 -0.763817 -0.645433

[5 rows x 13 columns]
(80716, 13)
   isAttacker
0       False
1       False
2       False
3       False
4       False
(80716, 1)
            rcvTime      sendTime  sender  ...      aclY      hedX      hedY
80716  53255.229725  53255.229725  5091.0  ...  0.000007  0.046965  0.998897
80717  53255.864755  53255.864755  5019.0  ...  0.000042  0.083334 -0.996522
80718  53256.229734  53256.229734  5091.0  ... -0.040472 -0.984565  0.175020
80719  53256.864752  53256.864752  5019.0  ...  0.000042  0.083334 -0.996522
80720  53257.229730  53257.229730  5091.0  ...  0.000007  0.046965  0.998897

[5 rows x 13 columns]
(20181, 13)
       isAttacker
80716       False
80717       False
80718       False
80719       False
80720       False
(20181, 1)
Verifying the features and answers for the sets add up 
Adding up X 
Sum: 1.0 
Adding up Y 
Sum: 1.0 
Building LSTM 
Building Model on: LSTM 
Traceback (most recent call last):
  File "/lustre03/project/6063935/colli11s/ConnectedDrivingMachineLearningPipeline/ModelTrainerSCSortedByTimeLSTM.py", line 343, in <module>
    ModelTrainerSortedByTime().main()
  File "/lustre03/project/6063935/colli11s/ConnectedDrivingMachineLearningPipeline/ModelTrainerSCSortedByTimeLSTM.py", line 216, in main
    [model, history] = self.buildModel(X_train, Y_train, self.get_compiled_model())
  File "/lustre03/project/6063935/colli11s/ConnectedDrivingMachineLearningPipeline/ModelTrainerSCSortedByTimeLSTM.py", line 113, in get_compiled_model
    LSTMModel = self.get_uncompiled_model()
  File "/lustre03/project/6063935/colli11s/ConnectedDrivingMachineLearningPipeline/ModelTrainerSCSortedByTimeLSTM.py", line 96, in get_uncompiled_model
    LSTMModel.add(layers.Embedding(input_dim=12500000, output_dim=6000))
  File "/home/colli11s/ENV/lib/python3.10/site-packages/tensorflow/python/trackable/base.py", line 205, in _method_wrapper
    result = method(self, *args, **kwargs)
  File "/home/colli11s/ENV/lib/python3.10/site-packages/keras/utils/traceback_utils.py", line 70, in error_handler
    raise e.with_traceback(filtered_tb) from None
  File "/home/colli11s/ENV/lib/python3.10/site-packages/keras/backend.py", line 2100, in random_uniform
    return tf.random.stateless_uniform(
tensorflow.python.framework.errors_impl.ResourceExhaustedError: {{function_node __wrapped__AddV2_device_/job:localhost/replica:0/task:0/device:CPU:0}} OOM when allocating tensor with shape[12500000,6000] and type float on /job:localhost/replica:0/task:0/device:CPU:0 by allocator cpu [Op:AddV2]
