2023-01-08 15:48:59.919544: I tensorflow/core/platform/cpu_feature_guard.cc:193] This TensorFlow binary is optimized with oneAPI Deep Neural Network Library (oneDNN) to use the following CPU instructions in performance-critical operations:  AVX2 AVX512F FMA
To enable them in other operations, rebuild TensorFlow with the appropriate compiler flags.
2023-01-08 15:49:04.809256: E tensorflow/stream_executor/cuda/cuda_blas.cc:2981] Unable to register cuBLAS factory: Attempting to register factory for plugin cuBLAS when one has already been registered
2023-01-08 15:50:01.429829: W tensorflow/stream_executor/platform/default/dso_loader.cc:64] Could not load dynamic library 'libnvinfer.so.7'; dlerror: libnvinfer.so.7: cannot open shared object file: No such file or directory
2023-01-08 15:50:01.431668: W tensorflow/stream_executor/platform/default/dso_loader.cc:64] Could not load dynamic library 'libnvinfer_plugin.so.7'; dlerror: libnvinfer_plugin.so.7: cannot open shared object file: No such file or directory
2023-01-08 15:50:01.431701: W tensorflow/compiler/tf2tensorrt/utils/py_utils.cc:38] TF-TRT Warning: Cannot dlopen some TensorRT libraries. If you would like to use Nvidia GPU with TensorRT, please make sure the missing libraries mentioned above are installed properly.
2023-01-08 15:51:30.212006: W tensorflow/stream_executor/platform/default/dso_loader.cc:64] Could not load dynamic library 'libcuda.so.1'; dlerror: libcuda.so.1: cannot open shared object file: No such file or directory
2023-01-08 15:51:30.214556: W tensorflow/stream_executor/cuda/cuda_driver.cc:263] failed call to cuInit: UNKNOWN ERROR (303)
2023-01-08 15:51:30.214826: I tensorflow/stream_executor/cuda/cuda_diagnostics.cc:156] kernel driver does not appear to be running on this host (bl12441.int.ets1.calculquebec.ca): /proc/driver/nvidia/version does not exist
2023-01-08 15:51:30.249332: I tensorflow/core/platform/cpu_feature_guard.cc:193] This TensorFlow binary is optimized with oneAPI Deep Neural Network Library (oneDNN) to use the following CPU instructions in performance-critical operations:  AVX2 AVX512F FMA
To enable them in other operations, rebuild TensorFlow with the appropriate compiler flags.
Creating Logger for model with id:SC-concat
### 2023-01-08_15-51-08 ### 
Getting ground truth file...[1/4] 
Converting test json files to csv files and expanding columns...[2/4] 
Cleaning data...[3/4] 
Done! 
First result: 
        rcvTime      sendTime  sender  ...  aclYNeg  hedXNeg  hedYNeg
0  51865.472964  51865.472964  2667.0  ...        0        1        0
1  51865.488467  51865.488467  2673.0  ...        0        1        0
2  51865.585766  51865.585766  2799.0  ...        0        1        0
3  51865.808674  51865.808674  2661.0  ...        1        1        0
4  51866.472956  51866.472956  2667.0  ...        1        1        0

[5 rows x 22 columns] 
(1479, 22) 
Merging... [4/4] 
Done! 
        rcvTime      sendTime  sender  ...  aclYNeg  hedXNeg  hedYNeg
0  51865.472964  51865.472964  2667.0  ...        0        1        0
1  51865.488467  51865.488467  2673.0  ...        0        1        0
2  51865.585766  51865.585766  2799.0  ...        0        1        0
3  51865.808674  51865.808674  2661.0  ...        1        1        0
4  51866.472956  51866.472956  2667.0  ...        1        1        0

[5 rows x 21 columns] 
(100897, 21) 
Quick stats on clean, merged and sorted data 
        rcvTime      sendTime  sender  ...  aclYNeg  hedXNeg  hedYNeg
0  51865.472964  51865.472964  2667.0  ...        0        1        0
1  51865.488467  51865.488467  2673.0  ...        0        1        0
2  51865.585766  51865.585766  2799.0  ...        0        1        0
3  51865.808674  51865.808674  2661.0  ...        1        1        0
4  51866.472956  51866.472956  2667.0  ...        1        1        0

[5 rows x 21 columns]
(100897, 21)
Getting Data Sets.. 
Time elapsed: (hh:mm:ss:ms) 0:00:00.008371 
Quick stats on features and answers for the train-val-test split 
        rcvTime      sendTime  sender  ...  aclYNeg  hedXNeg  hedYNeg
0  51865.472964  51865.472964  2667.0  ...        0        1        0
1  51865.488467  51865.488467  2673.0  ...        0        1        0
2  51865.585766  51865.585766  2799.0  ...        0        1        0
3  51865.808674  51865.808674  2661.0  ...        1        1        0
4  51866.472956  51866.472956  2667.0  ...        1        1        0

[5 rows x 20 columns]
(80716, 20)
   isAttacker
0           0
1           1
2           0
3           0
4           0
(80716, 1)
            rcvTime      sendTime  sender  ...  aclYNeg  hedXNeg  hedYNeg
80716  53064.427500  53064.427500  4773.0  ...        0        1        1
80717  53064.802978  53064.802978  4731.0  ...        1        0        0
80718  53064.852437  53064.852437  4737.0  ...        0        0        0
80719  53065.213423  53065.213423  4725.0  ...        1        0        0
80720  53065.355988  53065.355988  4719.0  ...        0        0        0

[5 rows x 20 columns]
(20181, 20)
       isAttacker
80716           1
80717           1
80718           0
80719           0
80720           0
(20181, 1)
Verifying the features and answers for the sets add up 
Adding up X 
Sum: 1.0 
Adding up Y 
Sum: 1.0 
Building LSTM 
Building Model on: LSTM 
Model: "sequential"
_________________________________________________________________
 Layer (type)                Output Shape              Param #   
=================================================================
 embedding (Embedding)       (None, 21, 50)            53500000  
                                                                 
 lstm (LSTM)                 (None, 128)               91648     
                                                                 
 dense (Dense)               (None, 1)                 129       
                                                                 
=================================================================
Total params: 53,591,777
Trainable params: 53,591,777
Non-trainable params: 0
_________________________________________________________________
Epoch 1/10
Traceback (most recent call last):
  File "/lustre03/project/6063935/colli11s/ConnectedDrivingMachineLearningPipeline/ModelTrainerSCSortedByTimeLSTM.py", line 379, in <module>
    ModelTrainerSCSortedByTimeLSTM().main()
  File "/lustre03/project/6063935/colli11s/ConnectedDrivingMachineLearningPipeline/ModelTrainerSCSortedByTimeLSTM.py", line 271, in main
    [model, history] = self.buildModel(X_train, Y_train, self.get_compiled_model())
  File "/lustre03/project/6063935/colli11s/ConnectedDrivingMachineLearningPipeline/ModelTrainerSCSortedByTimeLSTM.py", line 373, in buildModel
    history = model.fit(features, answers, batch_size=BATCH_SIZE, epochs=EPOCHS)
  File "/home/colli11s/ENV/lib/python3.10/site-packages/keras/utils/traceback_utils.py", line 70, in error_handler
    raise e.with_traceback(filtered_tb) from None
  File "/tmp/__autograph_generated_fileu4ofqjdl.py", line 15, in tf__train_function
    retval_ = ag__.converted_call(ag__.ld(step_function), (ag__.ld(self), ag__.ld(iterator)), None, fscope)
ValueError: in user code:

    File "/home/colli11s/ENV/lib/python3.10/site-packages/keras/engine/training.py", line 1160, in train_function  *
        return step_function(self, iterator)
    File "/home/colli11s/ENV/lib/python3.10/site-packages/keras/engine/training.py", line 1146, in step_function  **
        outputs = model.distribute_strategy.run(run_step, args=(data,))
    File "/home/colli11s/ENV/lib/python3.10/site-packages/keras/engine/training.py", line 1135, in run_step  **
        outputs = model.train_step(data)
    File "/home/colli11s/ENV/lib/python3.10/site-packages/keras/engine/training.py", line 993, in train_step
        y_pred = self(x, training=True)
    File "/home/colli11s/ENV/lib/python3.10/site-packages/keras/utils/traceback_utils.py", line 70, in error_handler
        raise e.with_traceback(filtered_tb) from None
    File "/home/colli11s/ENV/lib/python3.10/site-packages/keras/engine/input_spec.py", line 295, in assert_input_compatibility
        raise ValueError(

    ValueError: Input 0 of layer "sequential" is incompatible with the layer: expected shape=(None, 21), found shape=(None, 20)

